Traceback (most recent call last):
  File "/workspace/.pyenv_mirror/user/current/lib/python3.12/site-packages/jupyter_cache/executors/utils.py", line 58, in single_nb_execution
    executenb(
  File "/home/gitpod/.pyenv/versions/3.12.3/lib/python3.12/site-packages/nbclient/client.py", line 1314, in execute
    return NotebookClient(nb=nb, resources=resources, km=km, **kwargs).execute()
           ^^^^^^^^^^^^^^^^^^^^^^^^^^^^^^^^^^^^^^^^^^^^^^^^^^^^^^^^^^^^^^^^^^^^^
  File "/home/gitpod/.pyenv/versions/3.12.3/lib/python3.12/site-packages/jupyter_core/utils/__init__.py", line 165, in wrapped
    return loop.run_until_complete(inner)
           ^^^^^^^^^^^^^^^^^^^^^^^^^^^^^^
  File "/home/gitpod/.pyenv/versions/3.12.3/lib/python3.12/asyncio/base_events.py", line 687, in run_until_complete
    return future.result()
           ^^^^^^^^^^^^^^^
  File "/home/gitpod/.pyenv/versions/3.12.3/lib/python3.12/site-packages/nbclient/client.py", line 709, in async_execute
    await self.async_execute_cell(
  File "/home/gitpod/.pyenv/versions/3.12.3/lib/python3.12/site-packages/nbclient/client.py", line 1062, in async_execute_cell
    await self._check_raise_for_error(cell, cell_index, exec_reply)
  File "/home/gitpod/.pyenv/versions/3.12.3/lib/python3.12/site-packages/nbclient/client.py", line 918, in _check_raise_for_error
    raise CellExecutionError.from_cell_and_msg(cell, exec_reply_content)
nbclient.exceptions.CellExecutionError: An error occurred while executing the following cell:
------------------


# Get the remote URL for all files (need to put https://osdr.nasa.gov before each URL to access)
for item in response['studies']['OSD-218']['study_files']:
    print(item['remote_url'])
     

# Get the remote URL for all files (need to put https://osdr.nasa.gov before each URL to access)
for item in response['studies']['OSD-223']['study_files']:
    print(item['remote_url'])
     

# Get the remote URL for all files (need to put https://osdr.nasa.gov before each URL to access)
for item in response['studies']['OSD-281']['study_files']:
    print(item['remote_url'])
     

# Get the remote URL for all files (need to put https://osdr.nasa.gov before each URL to access)
for item in response['studies']['OSD-417']['study_files']:
    print(item['remote_url'])
     

# Get the remote URL for all files (need to put https://osdr.nasa.gov before each URL to access)
for item in response['studies']['OSD-37']['study_files']:
    print(item['remote_url'])
     

# Get the remote URL for all files (need to put https://osdr.nasa.gov before each URL to access)
for item in response['studies']['OSD-38']['study_files']:
    print(item['remote_url'])
     

# Get the remote URL for all files (need to put https://osdr.nasa.gov before each URL to access)
for item in response['studies']['OSD-321']['study_files']:
    print(item['remote_url'])
     

# Get the remote URL for all files (need to put https://osdr.nasa.gov before each URL to access)
for item in response['studies']['OSD-522']['study_files']:
    print(item['remote_url'])
     
------------------


[0;31m---------------------------------------------------------------------------[0m
[0;31mKeyError[0m                                  Traceback (most recent call last)
Cell [0;32mIn[6], line 2[0m
[1;32m      1[0m [38;5;66;03m# Get the remote URL for all files (need to put https://osdr.nasa.gov before each URL to access)[39;00m
[0;32m----> 2[0m [38;5;28;01mfor[39;00m item [38;5;129;01min[39;00m [43mresponse[49m[43m[[49m[38;5;124;43m'[39;49m[38;5;124;43mstudies[39;49m[38;5;124;43m'[39;49m[43m][49m[43m[[49m[38;5;124;43m'[39;49m[38;5;124;43mOSD-218[39;49m[38;5;124;43m'[39;49m[43m][49m[[38;5;124m'[39m[38;5;124mstudy_files[39m[38;5;124m'[39m]:
[1;32m      3[0m     [38;5;28mprint[39m(item[[38;5;124m'[39m[38;5;124mremote_url[39m[38;5;124m'[39m])
[1;32m      6[0m [38;5;66;03m# Get the remote URL for all files (need to put https://osdr.nasa.gov before each URL to access)[39;00m

[0;31mKeyError[0m: 'OSD-218'

